<?xml version="1.0" encoding="UTF-8"?>
<!-- Generated by org.testng.reporters.JUnitXMLReporter -->
<testsuite ignored="3" hostname="Reyads-MacBook-Pro.local" failures="0" tests="1" name="Default test" time="9.582" errors="0" timestamp="2025-05-17T13:01:10 BDT">
  <testcase classname="Tests.TestViewsSettings" name="testDragDrop" time="5.458"/>
  <testcase classname="Tests.TestViewsSettings" name="testSwipePhotos" time="0.0">
    <ignored/>
  </testcase> <!-- testSwipePhotos -->
  <testcase classname="Tests.TestViewsSettings" name="testViewSetting" time="0.0">
    <ignored/>
  </testcase> <!-- testViewSetting -->
  <testcase classname="Tests.TestViewsSettings" name="testScrollToWebView" time="0.0">
    <ignored/>
  </testcase> <!-- testScrollToWebView -->
</testsuite> <!-- Default test -->
